<?xml version="1.0" encoding="UTF-8"?>
<coverage generated="1704191560342" clover="3.2.0">
  <project timestamp="1704191560343" name="All files">
    <metrics statements="32" coveredstatements="27" conditionals="18" coveredconditionals="13" methods="17" coveredmethods="12" elements="67" coveredelements="52" complexity="0" loc="32" ncloc="32" packages="3" files="6" classes="6"/>
    <package name="components">
      <metrics statements="17" coveredstatements="17" conditionals="18" coveredconditionals="13" methods="10" coveredmethods="10"/>
      <file name="ContactUs.js" path="C:\Users\UTKARSH\Courses\Practice\Namaste React practice\src\components\ContactUs.js">
        <metrics statements="2" coveredstatements="2" conditionals="0" coveredconditionals="0" methods="1" coveredmethods="1"/>
        <line num="1" count="1" type="stmt"/>
        <line num="2" count="2" type="stmt"/>
      </file>
      <file name="Header.js" path="C:\Users\UTKARSH\Courses\Practice\Namaste React practice\src\components\Header.js">
        <metrics statements="15" coveredstatements="15" conditionals="18" coveredconditionals="13" methods="9" coveredmethods="9"/>
        <line num="14" count="54" type="stmt"/>
        <line num="17" count="1" type="stmt"/>
        <line num="19" count="4" type="stmt"/>
        <line num="20" count="6" type="stmt"/>
        <line num="23" count="3" type="stmt"/>
        <line num="29" count="3" type="stmt"/>
        <line num="30" count="3" type="stmt"/>
        <line num="31" count="3" type="stmt"/>
        <line num="34" count="3" type="stmt"/>
        <line num="63" count="6" type="stmt"/>
        <line num="90" count="24" type="stmt"/>
        <line num="151" count="2" type="stmt"/>
        <line num="161" count="2" type="stmt"/>
        <line num="171" count="2" type="stmt"/>
        <line num="189" count="24" type="stmt"/>
      </file>
    </package>
    <package name="utils">
      <metrics statements="9" coveredstatements="7" conditionals="0" coveredconditionals="0" methods="4" coveredmethods="2"/>
      <file name="useOnlineStatus.js" path="C:\Users\UTKARSH\Courses\Practice\Namaste React practice\src\utils\useOnlineStatus.js">
        <metrics statements="8" coveredstatements="6" conditionals="0" coveredconditionals="0" methods="4" coveredmethods="2"/>
        <line num="3" count="1" type="stmt"/>
        <line num="5" count="3" type="stmt"/>
        <line num="6" count="3" type="stmt"/>
        <line num="7" count="3" type="stmt"/>
        <line num="8" count="0" type="stmt"/>
        <line num="11" count="3" type="stmt"/>
        <line num="12" count="0" type="stmt"/>
        <line num="16" count="3" type="stmt"/>
      </file>
      <file name="userContext.js" path="C:\Users\UTKARSH\Courses\Practice\Namaste React practice\src\utils\userContext.js">
        <metrics statements="1" coveredstatements="1" conditionals="0" coveredconditionals="0" methods="0" coveredmethods="0"/>
        <line num="3" count="1" type="stmt"/>
      </file>
    </package>
    <package name="utils.store">
      <metrics statements="6" coveredstatements="3" conditionals="0" coveredconditionals="0" methods="3" coveredmethods="0"/>
      <file name="AppStore.js" path="C:\Users\UTKARSH\Courses\Practice\Namaste React practice\src\utils\store\AppStore.js">
        <metrics statements="1" coveredstatements="1" conditionals="0" coveredconditionals="0" methods="0" coveredmethods="0"/>
        <line num="3" count="1" type="stmt"/>
      </file>
      <file name="CartSlice.js" path="C:\Users\UTKARSH\Courses\Practice\Namaste React practice\src\utils\store\CartSlice.js">
        <metrics statements="5" coveredstatements="2" conditionals="0" coveredconditionals="0" methods="3" coveredmethods="0"/>
        <line num="3" count="1" type="stmt"/>
        <line num="10" count="0" type="stmt"/>
        <line num="13" count="0" type="stmt"/>
        <line num="16" count="0" type="stmt"/>
        <line num="21" count="1" type="stmt"/>
      </file>
    </package>
  </project>
</coverage>
