{"C:\\Users\\UTKARSH\\Courses\\Practice\\Namaste React practice\\src\\components\\ContactUs.js": {"path":"C:\\Users\\UTKARSH\\Courses\\Practice\\Namaste React practice\\src\\components\\ContactUs.js","statementMap":{"0":{"start":{"line":1,"column":16},"end":{"line":14,"column":1}},"1":{"start":{"line":2,"column":4},"end":{"line":13,"column":5}}},"fnMap":{"0":{"name":"(anonymous_0)","decl":{"start":{"line":1,"column":16},"end":{"line":1,"column":17}},"loc":{"start":{"line":1,"column":20},"end":{"line":14,"column":1}},"line":1}},"branchMap":{},"s":{"0":1,"1":2},"f":{"0":2},"b":{},"_coverageSchema":"1a1c01bbd47fc00a2c39e90264f33305004495a9","hash":"984bff88f2c7202067417ecd8c981b77d66ebd64"}
,"C:\\Users\\UTKARSH\\Courses\\Practice\\Namaste React practice\\src\\components\\Header.js": {"path":"C:\\Users\\UTKARSH\\Courses\\Practice\\Namaste React practice\\src\\components\\Header.js","statementMap":{"0":{"start":{"line":12,"column":2},"end":{"line":12,"column":43}},"1":{"start":{"line":15,"column":15},"end":{"line":187,"column":1}},"2":{"start":{"line":18,"column":4},"end":{"line":18,"column":135}},"3":{"start":{"line":19,"column":20},"end":{"line":19,"column":60}},"4":{"start":{"line":19,"column":43},"end":{"line":19,"column":59}},"5":{"start":{"line":22,"column":21},"end":{"line":27,"column":3}},"6":{"start":{"line":28,"column":30},"end":{"line":28,"column":48}},"7":{"start":{"line":29,"column":23},"end":{"line":29,"column":40}},"8":{"start":{"line":30,"column":16},"end":{"line":30,"column":39}},"9":{"start":{"line":33,"column":2},"end":{"line":186,"column":4}},"10":{"start":{"line":36,"column":8},"end":{"line":183,"column":11}},"11":{"start":{"line":65,"column":22},"end":{"line":77,"column":29}},"12":{"start":{"line":119,"column":26},"end":{"line":127,"column":30}},"13":{"start":{"line":132,"column":26},"end":{"line":140,"column":30}},"14":{"start":{"line":145,"column":26},"end":{"line":153,"column":30}},"15":{"start":{"line":166,"column":16},"end":{"line":179,"column":36}}},"fnMap":{"0":{"name":"classNames","decl":{"start":{"line":11,"column":9},"end":{"line":11,"column":19}},"loc":{"start":{"line":11,"column":32},"end":{"line":13,"column":1}},"line":11},"1":{"name":"(anonymous_1)","decl":{"start":{"line":15,"column":15},"end":{"line":15,"column":16}},"loc":{"start":{"line":15,"column":21},"end":{"line":187,"column":1}},"line":15},"2":{"name":"(anonymous_2)","decl":{"start":{"line":19,"column":32},"end":{"line":19,"column":33}},"loc":{"start":{"line":19,"column":43},"end":{"line":19,"column":59}},"line":19},"3":{"name":"(anonymous_3)","decl":{"start":{"line":35,"column":7},"end":{"line":35,"column":8}},"loc":{"start":{"line":36,"column":8},"end":{"line":183,"column":11}},"line":36},"4":{"name":"(anonymous_4)","decl":{"start":{"line":64,"column":36},"end":{"line":64,"column":37}},"loc":{"start":{"line":65,"column":22},"end":{"line":77,"column":29}},"line":65},"5":{"name":"(anonymous_5)","decl":{"start":{"line":118,"column":25},"end":{"line":118,"column":26}},"loc":{"start":{"line":119,"column":26},"end":{"line":127,"column":30}},"line":119},"6":{"name":"(anonymous_6)","decl":{"start":{"line":131,"column":25},"end":{"line":131,"column":26}},"loc":{"start":{"line":132,"column":26},"end":{"line":140,"column":30}},"line":132},"7":{"name":"(anonymous_7)","decl":{"start":{"line":144,"column":25},"end":{"line":144,"column":26}},"loc":{"start":{"line":145,"column":26},"end":{"line":153,"column":30}},"line":145},"8":{"name":"(anonymous_8)","decl":{"start":{"line":165,"column":30},"end":{"line":165,"column":31}},"loc":{"start":{"line":166,"column":16},"end":{"line":179,"column":36}},"line":166}},"branchMap":{"0":{"loc":{"start":{"line":44,"column":19},"end":{"line":48,"column":19}},"type":"cond-expr","locations":[{"start":{"line":45,"column":20},"end":{"line":45,"column":78}},{"start":{"line":47,"column":20},"end":{"line":47,"column":78}}],"line":44},"1":{"loc":{"start":{"line":69,"column":26},"end":{"line":71,"column":82}},"type":"cond-expr","locations":[{"start":{"line":70,"column":30},"end":{"line":70,"column":58}},{"start":{"line":71,"column":30},"end":{"line":71,"column":82}}],"line":69},"2":{"loc":{"start":{"line":74,"column":38},"end":{"line":74,"column":71}},"type":"cond-expr","locations":[{"start":{"line":74,"column":53},"end":{"line":74,"column":59}},{"start":{"line":74,"column":62},"end":{"line":74,"column":71}}],"line":74},"3":{"loc":{"start":{"line":89,"column":19},"end":{"line":89,"column":45}},"type":"cond-expr","locations":[{"start":{"line":89,"column":34},"end":{"line":89,"column":38}},{"start":{"line":89,"column":41},"end":{"line":89,"column":45}}],"line":89},"4":{"loc":{"start":{"line":122,"column":30},"end":{"line":122,"column":57}},"type":"cond-expr","locations":[{"start":{"line":122,"column":39},"end":{"line":122,"column":52}},{"start":{"line":122,"column":55},"end":{"line":122,"column":57}}],"line":122},"5":{"loc":{"start":{"line":135,"column":30},"end":{"line":135,"column":57}},"type":"cond-expr","locations":[{"start":{"line":135,"column":39},"end":{"line":135,"column":52}},{"start":{"line":135,"column":55},"end":{"line":135,"column":57}}],"line":135},"6":{"loc":{"start":{"line":148,"column":30},"end":{"line":148,"column":57}},"type":"cond-expr","locations":[{"start":{"line":148,"column":39},"end":{"line":148,"column":52}},{"start":{"line":148,"column":55},"end":{"line":148,"column":57}}],"line":148},"7":{"loc":{"start":{"line":171,"column":20},"end":{"line":173,"column":74}},"type":"cond-expr","locations":[{"start":{"line":172,"column":24},"end":{"line":172,"column":48}},{"start":{"line":173,"column":24},"end":{"line":173,"column":74}}],"line":171},"8":{"loc":{"start":{"line":176,"column":32},"end":{"line":176,"column":65}},"type":"cond-expr","locations":[{"start":{"line":176,"column":47},"end":{"line":176,"column":53}},{"start":{"line":176,"column":56},"end":{"line":176,"column":65}}],"line":176}},"s":{"0":54,"1":1,"2":4,"3":4,"4":6,"5":3,"6":3,"7":3,"8":3,"9":3,"10":6,"11":24,"12":2,"13":2,"14":2,"15":24},"f":{"0":54,"1":4,"2":6,"3":6,"4":24,"5":2,"6":2,"7":2,"8":24},"b":{"0":[0,6],"1":[6,18],"2":[6,18],"3":[6,0],"4":[0,2],"5":[0,2],"6":[0,2],"7":[6,18],"8":[6,18]},"_coverageSchema":"1a1c01bbd47fc00a2c39e90264f33305004495a9","hash":"5bc0fc1f058bc0dd64f7ff5bf40ffd95e7538ad4"}
,"C:\\Users\\UTKARSH\\Courses\\Practice\\Namaste React practice\\src\\components\\RestaurantCard.js": {"path":"C:\\Users\\UTKARSH\\Courses\\Practice\\Namaste React practice\\src\\components\\RestaurantCard.js","statementMap":{"0":{"start":{"line":3,"column":23},"end":{"line":28,"column":1}},"1":{"start":{"line":4,"column":2},"end":{"line":4,"column":23}},"2":{"start":{"line":5,"column":71},"end":{"line":5,"column":78}},"3":{"start":{"line":6,"column":2},"end":{"line":27,"column":4}},"4":{"start":{"line":30,"column":28},"end":{"line":41,"column":1}},"5":{"start":{"line":31,"column":2},"end":{"line":40,"column":4}},"6":{"start":{"line":32,"column":4},"end":{"line":39,"column":6}}},"fnMap":{"0":{"name":"(anonymous_0)","decl":{"start":{"line":3,"column":23},"end":{"line":3,"column":24}},"loc":{"start":{"line":3,"column":40},"end":{"line":28,"column":1}},"line":3},"1":{"name":"(anonymous_1)","decl":{"start":{"line":30,"column":28},"end":{"line":30,"column":29}},"loc":{"start":{"line":30,"column":48},"end":{"line":41,"column":1}},"line":30},"2":{"name":"(anonymous_2)","decl":{"start":{"line":31,"column":9},"end":{"line":31,"column":10}},"loc":{"start":{"line":31,"column":20},"end":{"line":40,"column":3}},"line":31}},"branchMap":{},"s":{"0":1,"1":2,"2":2,"3":2,"4":1,"5":1,"6":1},"f":{"0":2,"1":1,"2":1},"b":{},"_coverageSchema":"1a1c01bbd47fc00a2c39e90264f33305004495a9","hash":"872699d05168b5f92e684e771d05bde7a290d69e"}
,"C:\\Users\\UTKARSH\\Courses\\Practice\\Namaste React practice\\src\\utils\\constants.js": {"path":"C:\\Users\\UTKARSH\\Courses\\Practice\\Namaste React practice\\src\\utils\\constants.js","statementMap":{"0":{"start":{"line":1,"column":25},"end":{"line":1,"column":116}},"1":{"start":{"line":3,"column":19},"end":{"line":3,"column":58}},"2":{"start":{"line":5,"column":20},"end":{"line":5,"column":173}},"3":{"start":{"line":7,"column":22},"end":{"line":7,"column":160}}},"fnMap":{},"branchMap":{},"s":{"0":1,"1":1,"2":1,"3":1},"f":{},"b":{},"_coverageSchema":"1a1c01bbd47fc00a2c39e90264f33305004495a9","hash":"ef6d5fd758990b7c5379bb95626336fbe373d674"}
,"C:\\Users\\UTKARSH\\Courses\\Practice\\Namaste React practice\\src\\utils\\useOnlineStatus.js": {"path":"C:\\Users\\UTKARSH\\Courses\\Practice\\Namaste React practice\\src\\utils\\useOnlineStatus.js","statementMap":{"0":{"start":{"line":3,"column":22},"end":{"line":17,"column":1}},"1":{"start":{"line":5,"column":38},"end":{"line":5,"column":52}},"2":{"start":{"line":6,"column":0},"end":{"line":14,"column":9}},"3":{"start":{"line":7,"column":0},"end":{"line":9,"column":3}},"4":{"start":{"line":8,"column":4},"end":{"line":8,"column":27}},"5":{"start":{"line":11,"column":0},"end":{"line":13,"column":2}},"6":{"start":{"line":12,"column":4},"end":{"line":12,"column":26}},"7":{"start":{"line":16,"column":4},"end":{"line":16,"column":24}}},"fnMap":{"0":{"name":"(anonymous_0)","decl":{"start":{"line":3,"column":22},"end":{"line":3,"column":23}},"loc":{"start":{"line":3,"column":26},"end":{"line":17,"column":1}},"line":3},"1":{"name":"(anonymous_1)","decl":{"start":{"line":6,"column":10},"end":{"line":6,"column":11}},"loc":{"start":{"line":6,"column":14},"end":{"line":14,"column":5}},"line":6},"2":{"name":"(anonymous_2)","decl":{"start":{"line":7,"column":34},"end":{"line":7,"column":35}},"loc":{"start":{"line":7,"column":38},"end":{"line":9,"column":1}},"line":7},"3":{"name":"(anonymous_3)","decl":{"start":{"line":11,"column":33},"end":{"line":11,"column":34}},"loc":{"start":{"line":11,"column":37},"end":{"line":13,"column":1}},"line":11}},"branchMap":{},"s":{"0":1,"1":3,"2":3,"3":3,"4":0,"5":3,"6":0,"7":3},"f":{"0":3,"1":3,"2":0,"3":0},"b":{},"_coverageSchema":"1a1c01bbd47fc00a2c39e90264f33305004495a9","hash":"818fb95bd337a01f80ef20a16b43e239cfd96f2b"}
,"C:\\Users\\UTKARSH\\Courses\\Practice\\Namaste React practice\\src\\utils\\userContext.js": {"path":"C:\\Users\\UTKARSH\\Courses\\Practice\\Namaste React practice\\src\\utils\\userContext.js","statementMap":{"0":{"start":{"line":3,"column":18},"end":{"line":5,"column":2}}},"fnMap":{},"branchMap":{},"s":{"0":1},"f":{},"b":{},"_coverageSchema":"1a1c01bbd47fc00a2c39e90264f33305004495a9","hash":"6341c7585b248a82e2bf52ad843802fde0363021"}
,"C:\\Users\\UTKARSH\\Courses\\Practice\\Namaste React practice\\src\\utils\\store\\AppStore.js": {"path":"C:\\Users\\UTKARSH\\Courses\\Practice\\Namaste React practice\\src\\utils\\store\\AppStore.js","statementMap":{"0":{"start":{"line":3,"column":15},"end":{"line":7,"column":2}}},"fnMap":{},"branchMap":{},"s":{"0":1},"f":{},"b":{},"_coverageSchema":"1a1c01bbd47fc00a2c39e90264f33305004495a9","hash":"b26942a3949c5abd46177499e0535d945244f00b"}
,"C:\\Users\\UTKARSH\\Courses\\Practice\\Namaste React practice\\src\\utils\\store\\CartSlice.js": {"path":"C:\\Users\\UTKARSH\\Courses\\Practice\\Namaste React practice\\src\\utils\\store\\CartSlice.js","statementMap":{"0":{"start":{"line":3,"column":16},"end":{"line":19,"column":2}},"1":{"start":{"line":10,"column":12},"end":{"line":10,"column":44}},"2":{"start":{"line":13,"column":12},"end":{"line":13,"column":29}},"3":{"start":{"line":16,"column":12},"end":{"line":16,"column":33}},"4":{"start":{"line":21,"column":46},"end":{"line":21,"column":63}}},"fnMap":{"0":{"name":"(anonymous_0)","decl":{"start":{"line":9,"column":17},"end":{"line":9,"column":18}},"loc":{"start":{"line":9,"column":33},"end":{"line":11,"column":9}},"line":9},"1":{"name":"(anonymous_1)","decl":{"start":{"line":12,"column":20},"end":{"line":12,"column":21}},"loc":{"start":{"line":12,"column":36},"end":{"line":14,"column":9}},"line":12},"2":{"name":"(anonymous_2)","decl":{"start":{"line":15,"column":18},"end":{"line":15,"column":19}},"loc":{"start":{"line":15,"column":27},"end":{"line":17,"column":9}},"line":15}},"branchMap":{},"s":{"0":1,"1":0,"2":0,"3":0,"4":1},"f":{"0":0,"1":0,"2":0},"b":{},"_coverageSchema":"1a1c01bbd47fc00a2c39e90264f33305004495a9","hash":"d8418db8f6a657c0b2320b7c36711e1f3eec902a"}
}
