{"C:\\Users\\UTKARSH\\Courses\\Practice\\Namaste React practice\\src\\components\\ContactUs.js": {"path":"C:\\Users\\UTKARSH\\Courses\\Practice\\Namaste React practice\\src\\components\\ContactUs.js","statementMap":{"0":{"start":{"line":1,"column":16},"end":{"line":14,"column":1}},"1":{"start":{"line":2,"column":4},"end":{"line":13,"column":5}}},"fnMap":{"0":{"name":"(anonymous_0)","decl":{"start":{"line":1,"column":16},"end":{"line":1,"column":17}},"loc":{"start":{"line":1,"column":20},"end":{"line":14,"column":1}},"line":1}},"branchMap":{},"s":{"0":1,"1":2},"f":{"0":2},"b":{},"_coverageSchema":"1a1c01bbd47fc00a2c39e90264f33305004495a9","hash":"984bff88f2c7202067417ecd8c981b77d66ebd64"}
}
