TN:
SF:src\components\ContactUs.js
FN:1,(anonymous_0)
FNF:1
FNH:1
FNDA:2,(anonymous_0)
DA:1,1
DA:2,2
LF:2
LH:2
BRF:0
BRH:0
end_of_record
TN:
SF:src\components\Header.js
FN:11,classNames
FN:15,(anonymous_1)
FN:19,(anonymous_2)
FN:35,(anonymous_3)
FN:64,(anonymous_4)
FN:118,(anonymous_5)
FN:131,(anonymous_6)
FN:144,(anonymous_7)
FN:165,(anonymous_8)
FNF:9
FNH:9
FNDA:54,classNames
FNDA:4,(anonymous_1)
FNDA:6,(anonymous_2)
FNDA:6,(anonymous_3)
FNDA:24,(anonymous_4)
FNDA:2,(anonymous_5)
FNDA:2,(anonymous_6)
FNDA:2,(anonymous_7)
FNDA:24,(anonymous_8)
DA:12,54
DA:15,1
DA:18,4
DA:19,6
DA:22,3
DA:28,3
DA:29,3
DA:30,3
DA:33,3
DA:36,6
DA:65,24
DA:119,2
DA:132,2
DA:145,2
DA:166,24
LF:15
LH:15
BRDA:44,0,0,0
BRDA:44,0,1,6
BRDA:69,1,0,6
BRDA:69,1,1,18
BRDA:74,2,0,6
BRDA:74,2,1,18
BRDA:89,3,0,6
BRDA:89,3,1,0
BRDA:122,4,0,0
BRDA:122,4,1,2
BRDA:135,5,0,0
BRDA:135,5,1,2
BRDA:148,6,0,0
BRDA:148,6,1,2
BRDA:171,7,0,6
BRDA:171,7,1,18
BRDA:176,8,0,6
BRDA:176,8,1,18
BRF:18
BRH:13
end_of_record
TN:
SF:src\components\RestaurantCard.js
FN:3,(anonymous_0)
FN:30,(anonymous_1)
FN:31,(anonymous_2)
FNF:3
FNH:3
FNDA:2,(anonymous_0)
FNDA:1,(anonymous_1)
FNDA:1,(anonymous_2)
DA:3,1
DA:4,2
DA:5,2
DA:6,2
DA:30,1
DA:31,1
DA:32,1
LF:7
LH:7
BRF:0
BRH:0
end_of_record
TN:
SF:src\utils\constants.js
FNF:0
FNH:0
DA:1,1
DA:3,1
DA:5,1
DA:7,1
LF:4
LH:4
BRF:0
BRH:0
end_of_record
TN:
SF:src\utils\useOnlineStatus.js
FN:3,(anonymous_0)
FN:6,(anonymous_1)
FN:7,(anonymous_2)
FN:11,(anonymous_3)
FNF:4
FNH:2
FNDA:3,(anonymous_0)
FNDA:3,(anonymous_1)
FNDA:0,(anonymous_2)
FNDA:0,(anonymous_3)
DA:3,1
DA:5,3
DA:6,3
DA:7,3
DA:8,0
DA:11,3
DA:12,0
DA:16,3
LF:8
LH:6
BRF:0
BRH:0
end_of_record
TN:
SF:src\utils\userContext.js
FNF:0
FNH:0
DA:3,1
LF:1
LH:1
BRF:0
BRH:0
end_of_record
TN:
SF:src\utils\store\AppStore.js
FNF:0
FNH:0
DA:3,1
LF:1
LH:1
BRF:0
BRH:0
end_of_record
TN:
SF:src\utils\store\CartSlice.js
FN:9,(anonymous_0)
FN:12,(anonymous_1)
FN:15,(anonymous_2)
FNF:3
FNH:0
FNDA:0,(anonymous_0)
FNDA:0,(anonymous_1)
FNDA:0,(anonymous_2)
DA:3,1
DA:10,0
DA:13,0
DA:16,0
DA:21,1
LF:5
LH:2
BRF:0
BRH:0
end_of_record
