TN:
SF:src\components\ContactUs.js
FN:1,(anonymous_0)
FNF:1
FNH:1
FNDA:2,(anonymous_0)
DA:1,1
DA:2,2
LF:2
LH:2
BRF:0
BRH:0
end_of_record
TN:
SF:src\components\Header.js
FN:13,classNames
FN:17,(anonymous_1)
FN:20,(anonymous_2)
FN:62,(anonymous_3)
FN:89,(anonymous_4)
FN:150,(anonymous_5)
FN:160,(anonymous_6)
FN:170,(anonymous_7)
FN:188,(anonymous_8)
FNF:9
FNH:9
FNDA:54,classNames
FNDA:4,(anonymous_1)
FNDA:6,(anonymous_2)
FNDA:6,(anonymous_3)
FNDA:24,(anonymous_4)
FNDA:2,(anonymous_5)
FNDA:2,(anonymous_6)
FNDA:2,(anonymous_7)
FNDA:24,(anonymous_8)
DA:14,54
DA:17,1
DA:19,4
DA:20,6
DA:23,3
DA:29,3
DA:30,3
DA:31,3
DA:34,3
DA:63,6
DA:90,24
DA:151,2
DA:161,2
DA:171,2
DA:189,24
LF:15
LH:15
BRDA:71,0,0,0
BRDA:71,0,1,6
BRDA:94,1,0,6
BRDA:94,1,1,18
BRDA:97,2,0,6
BRDA:97,2,1,18
BRDA:112,3,0,6
BRDA:112,3,1,0
BRDA:153,4,0,0
BRDA:153,4,1,2
BRDA:163,5,0,0
BRDA:163,5,1,2
BRDA:173,6,0,0
BRDA:173,6,1,2
BRDA:194,7,0,6
BRDA:194,7,1,18
BRDA:197,8,0,6
BRDA:197,8,1,18
BRF:18
BRH:13
end_of_record
TN:
SF:src\utils\useOnlineStatus.js
FN:3,(anonymous_0)
FN:6,(anonymous_1)
FN:7,(anonymous_2)
FN:11,(anonymous_3)
FNF:4
FNH:2
FNDA:3,(anonymous_0)
FNDA:3,(anonymous_1)
FNDA:0,(anonymous_2)
FNDA:0,(anonymous_3)
DA:3,1
DA:5,3
DA:6,3
DA:7,3
DA:8,0
DA:11,3
DA:12,0
DA:16,3
LF:8
LH:6
BRF:0
BRH:0
end_of_record
TN:
SF:src\utils\userContext.js
FNF:0
FNH:0
DA:3,1
LF:1
LH:1
BRF:0
BRH:0
end_of_record
TN:
SF:src\utils\store\AppStore.js
FNF:0
FNH:0
DA:3,1
LF:1
LH:1
BRF:0
BRH:0
end_of_record
TN:
SF:src\utils\store\CartSlice.js
FN:9,(anonymous_0)
FN:12,(anonymous_1)
FN:15,(anonymous_2)
FNF:3
FNH:0
FNDA:0,(anonymous_0)
FNDA:0,(anonymous_1)
FNDA:0,(anonymous_2)
DA:3,1
DA:10,0
DA:13,0
DA:16,0
DA:21,1
LF:5
LH:2
BRF:0
BRH:0
end_of_record
